<?xml version="1.0" encoding="UTF-8"?>
<!-- Generated by org.testng.reporters.JUnitReportReporter -->
<testsuite hostname="DESKTOP-R4D02K3" failures="0" tests="1" name="com.actitime.testcases.TestCase1" time="10.560" errors="0" timestamp="2023-06-02T16:49:53 IST" skipped="0">
  <testcase classname="com.actitime.testcases.TestCase1" name="loginLogOut" time="10.560"/>
  <system-out>
    <![CDATA[Both the Title are matching
Both the URL are Matching]]>
  </system-out>
</testsuite> <!-- com.actitime.testcases.TestCase1 -->
