<?xml version="1.0" encoding="UTF-8"?>
<!-- Generated by org.testng.reporters.JUnitReportReporter -->
<testsuite hostname="DESKTOP-R4D02K3" failures="0" tests="1" name="com.actitime.testcases.TestCase4" time="22.825" errors="0" timestamp="2023-06-03T13:40:25 IST" skipped="0">
  <testcase classname="com.actitime.testcases.TestCase4" name="CreateTypeofWork" time="22.825"/>
  <system-out/>
</testsuite> <!-- com.actitime.testcases.TestCase4 -->
