<?xml version="1.0" encoding="UTF-8"?>
<!-- Generated by org.testng.reporters.JUnitReportReporter -->
<testsuite hostname="DESKTOP-R4D02K3" failures="0" tests="1" name="com.actitime.testcases.TestCase5" time="13.768" errors="0" timestamp="2023-06-03T13:40:25 IST" skipped="0">
  <testcase classname="com.actitime.testcases.TestCase5" name="loginTodeleteTypeofWork" time="13.768"/>
  <system-out/>
</testsuite> <!-- com.actitime.testcases.TestCase5 -->
