<?xml version="1.0" encoding="UTF-8"?>
<!-- Generated by org.testng.reporters.JUnitReportReporter -->
<testsuite hostname="DESKTOP-R4D02K3" failures="0" tests="1" name="com.actitime.testcases.TestCase2" time="26.970" errors="0" timestamp="2023-06-03T13:40:25 IST" skipped="0">
  <testcase classname="com.actitime.testcases.TestCase2" name="loginToCreateCustomer" time="26.970"/>
  <system-out>
    <![CDATA[Both the Title are matching
Both the URL are Matching]]>
  </system-out>
</testsuite> <!-- com.actitime.testcases.TestCase2 -->
